{
  "stats": {
    "suites": 1,
    "tests": 1,
    "passes": 1,
    "pending": 0,
    "failures": 0,
    "start": "2021-12-05T17:22:24.183Z",
    "end": "2021-12-05T17:22:34.188Z",
    "duration": 10005,
    "testsRegistered": 1,
    "passPercent": 100,
    "pendingPercent": 0,
    "other": 0,
    "hasOther": false,
    "skipped": 0,
    "hasSkipped": false
  },
  "results": [
    {
      "uuid": "c99a580f-d07d-433d-ad8f-4671d136a9c4",
      "title": "",
      "fullFile": "cypress/integration/cadastro.spec.js",
      "file": "cypress/integration/cadastro.spec.js",
      "beforeHooks": [],
      "afterHooks": [],
      "tests": [],
      "suites": [
        {
          "uuid": "1aeaca65-84f4-40cf-96a1-f3dab51e35df",
          "title": "Cadastro",
          "fullFile": "",
          "file": "",
          "beforeHooks": [],
          "afterHooks": [],
          "tests": [
            {
              "title": "Quando informar os dados e finalizar, então o cadastro deve ser efetuado",
              "fullTitle": "Cadastro Quando informar os dados e finalizar, então o cadastro deve ser efetuado",
              "timedOut": null,
              "duration": 7697,
              "state": "passed",
              "speed": "medium",
              "pass": true,
              "fail": false,
              "pending": false,
              "context": null,
              "code": "cy.visit('https://form-agilizei.netlify.app/'); // input | textarea\ncy.get('input[name=firstName]').type(chance.first());\ncy.get('input[name=lastName]').type(chance.last());\ncy.get('textarea[name=adress]').type(chance.address());\ncy.get('input[name=emailAdress]').type(chance.email()); // check\ncy.get('input[value=m]').check();\ncy.get('input[type=checkbox]').check('Netflix');\ncy.get('input[type=checkbox]').check('Livros'); // select\ncy.get('select#countries').select('Dinamarca', {\n  force: true\n});\ncy.get('select#days').select('25', {\n  force: true\n});\ncy.get('select#months').select('Fevereiro', {\n  force: true\n});\ncy.get('select#years').select('1994', {\n  force: true\n});\ncy.get('input#firstpassword').type('V1ni@1994');\ncy.get('input#secondpassword').type('V1ni@1994');\ncy.contains('Finalizar cadastro').click(); // cy.url captura a url atual\ncy.url().should('contain', 'listagem');",
              "err": {},
              "uuid": "3773d15f-481d-40d6-91e0-358108039b4a",
              "parentUUID": "1aeaca65-84f4-40cf-96a1-f3dab51e35df",
              "isHook": false,
              "skipped": false
            }
          ],
          "suites": [],
          "passes": [
            "3773d15f-481d-40d6-91e0-358108039b4a"
          ],
          "failures": [],
          "pending": [],
          "skipped": [],
          "duration": 7697,
          "root": false,
          "rootEmpty": false,
          "_timeout": 2000
        }
      ],
      "passes": [],
      "failures": [],
      "pending": [],
      "skipped": [],
      "duration": 0,
      "root": true,
      "rootEmpty": true,
      "_timeout": 2000
    }
  ],
  "meta": {
    "mocha": {
      "version": "7.0.1"
    },
    "mochawesome": {
      "options": {
        "quiet": true,
        "reportFilename": "mochawesome",
        "saveHtml": false,
        "saveJson": true,
        "consoleReporter": "spec",
        "useInlineDiffs": false,
        "code": true
      },
      "version": "7.0.1"
    },
    "marge": {
      "options": {
        "id": "default",
        "reportDir": "mochawesome-report",
        "quiet": true,
        "overwrite": false,
        "html": false,
        "json": true
      },
      "version": "6.0.1"
    }
  }
}